Using pre-set license
Built from '2020.3/staging' branch; Version is '2020.3.3f1 (76626098c1c4) revision 7758432'; Using compiler version '192528614'; Build Type 'Release'
OS: 'Windows 10 Home Single Language; OS build 19042.1288; Version 2009; 64bit' Language: 'ru' Physical Memory: 8079 MB
BatchMode: 1, IsHumanControllingUs: 0, StartBugReporterOnCrash: 0, Is64bit: 1, IsPro: 0

 COMMAND LINE ARGUMENTS:
E:\Unity Hub\2020.3.3f1\Editor\Unity.exe
-adb2
-batchMode
-noUpm
-name
AssetImportWorker1
-projectPath
E:/3 курс/1 семестр/КМС/курсач/UnityCourseProject
-logFile
Logs/AssetImportWorker1.log
-srvPort
58134
Successfully changed project path to: E:/3 курс/1 семестр/КМС/курсач/UnityCourseProject
E:/3 курс/1 семестр/КМС/курсач/UnityCourseProject
Using Asset Import Pipeline V2.
Refreshing native plugins compatible for Editor in 27.59 ms, found 0 plugins.
Preloading 0 native plugins for Editor in 0.00 ms.
Initialize engine version: 2020.3.3f1 (76626098c1c4)
[Subsystems] Discovering subsystems at path E:/Unity Hub/2020.3.3f1/Editor/Data/Resources/UnitySubsystems
[Subsystems] Discovering subsystems at path E:/3 курс/1 семестр/КМС/курсач/UnityCourseProject/Assets
GfxDevice: creating device client; threaded=0
Direct3D:
    Version:  Direct3D 11.0 [level 11.1]
    Renderer: NVIDIA GeForce MX250 (ID=0x1d13)
    Vendor:   
    VRAM:     1983 MB
    Driver:   30.0.14.9613
Initialize mono
Mono path[0] = 'E:/Unity Hub/2020.3.3f1/Editor/Data/Managed'
Mono path[1] = 'E:/Unity Hub/2020.3.3f1/Editor/Data/MonoBleedingEdge/lib/mono/unityjit'
Mono config path = 'E:/Unity Hub/2020.3.3f1/Editor/Data/MonoBleedingEdge/etc'
Using monoOptions --debugger-agent=transport=dt_socket,embedding=1,server=y,suspend=n,address=127.0.0.1:56228
Begin MonoManager ReloadAssembly
Registering precompiled unity dll's ...
Register platform support module: E:/Unity Hub/2020.3.3f1/Editor/Data/PlaybackEngines/WindowsStandaloneSupport/UnityEditor.WindowsStandalone.Extensions.dll
Registered in 0.001056 seconds.
Native extension for WindowsStandalone target not found
Refreshing native plugins compatible for Editor in 24.34 ms, found 0 plugins.
Preloading 0 native plugins for Editor in 0.00 ms.
Invoked RoslynAnalysisRunner static constructor.
RoslynAnalysisRunner will not be running.
RoslynAnalysisRunner has terminated.
Mono: successfully reloaded assembly
- Completed reload, in  0.890 seconds
Platform modules already initialized, skipping
Registering precompiled user dll's ...
Registered in 0.000663 seconds.
Begin MonoManager ReloadAssembly
Native extension for WindowsStandalone target not found
Refreshing native plugins compatible for Editor in 0.20 ms, found 0 plugins.
Preloading 0 native plugins for Editor in 0.00 ms.
Invoked RoslynAnalysisRunner static constructor.
RoslynAnalysisRunner will not be running.
RoslynAnalysisRunner has terminated.
Mono: successfully reloaded assembly
- Completed reload, in  1.186 seconds
Platform modules already initialized, skipping
========================================================================
Worker process is ready to serve import requests
Launched and connected shader compiler UnityShaderCompiler.exe after 0.39 seconds
Refreshing native plugins compatible for Editor in 0.25 ms, found 0 plugins.
Preloading 0 native plugins for Editor in 0.00 ms.
Unloading 1136 Unused Serialized files (Serialized files now loaded: 0)
System memory in use before: 129.2 MB.
System memory in use after: 129.2 MB.

Unloading 10 unused Assets to reduce memory usage. Loaded Objects now: 1586.
Total: 6.205200 ms (FindLiveObjects: 0.479200 ms CreateObjectMapping: 0.167800 ms MarkObjects: 5.212500 ms  DeleteObjects: 0.341100 ms)

========================================================================
Received Import Request.
  path: Assets/Materials/MalachitBlue.mat
  artifactKey: Guid(cb9421f978bb8f14091d0215583ae397) Importer(815301076,1909f56bfc062723c751e8b465ee728b)
Start importing Assets/Materials/MalachitBlue.mat using Guid(cb9421f978bb8f14091d0215583ae397) Importer(815301076,1909f56bfc062723c751e8b465ee728b)  -> (artifact id: '9772f0e8ee9add2db62fe7e273a13589') in 0.690789 seconds
  Import took 0.716422 seconds .

========================================================================
Received Prepare
Registering precompiled user dll's ...
Registered in 0.000620 seconds.
Begin MonoManager ReloadAssembly
Native extension for WindowsStandalone target not found
Refreshing native plugins compatible for Editor in 0.33 ms, found 0 plugins.
Preloading 0 native plugins for Editor in 0.00 ms.
Invoked RoslynAnalysisRunner static constructor.
RoslynAnalysisRunner will not be running.
RoslynAnalysisRunner has terminated.
Mono: successfully reloaded assembly
- Completed reload, in  0.879 seconds
Platform modules already initialized, skipping
Refreshing native plugins compatible for Editor in 0.24 ms, found 0 plugins.
Preloading 0 native plugins for Editor in 0.00 ms.
Unloading 1131 Unused Serialized files (Serialized files now loaded: 0)
System memory in use before: 132.4 MB.
System memory in use after: 132.5 MB.

Unloading 5 unused Assets to reduce memory usage. Loaded Objects now: 1629.
Total: 3.583000 ms (FindLiveObjects: 0.291100 ms CreateObjectMapping: 0.092600 ms MarkObjects: 3.096800 ms  DeleteObjects: 0.099900 ms)

========================================================================
Received Import Request.
  Time since last request: 67.289856 seconds.
  path: Assets/Real_Fire/Textures/Materials/DD.mat
  artifactKey: Guid(9ba05f538ee36044da5cd2a4f14a8b18) Importer(815301076,1909f56bfc062723c751e8b465ee728b)
Start importing Assets/Real_Fire/Textures/Materials/DD.mat using Guid(9ba05f538ee36044da5cd2a4f14a8b18) Importer(815301076,1909f56bfc062723c751e8b465ee728b)  -> (artifact id: 'a1e3486a62ba111788ae31a9ca7f38ad') in 2.119447 seconds
  Import took 2.178202 seconds .

========================================================================
Received Import Request.
  Time since last request: 0.000451 seconds.
  path: Assets/Real_Fire/Materials/fire_spritesheet.mat
  artifactKey: Guid(0b765ebcccc7b854488377d9b0f15eb0) Importer(815301076,1909f56bfc062723c751e8b465ee728b)
Start importing Assets/Real_Fire/Materials/fire_spritesheet.mat using Guid(0b765ebcccc7b854488377d9b0f15eb0) Importer(815301076,1909f56bfc062723c751e8b465ee728b)  -> (artifact id: '464e64f89493fb4fcbe644e2452a4bf9') in 0.234608 seconds
  Import took 0.237338 seconds .

========================================================================
Received Import Request.
  Time since last request: 2.250746 seconds.
  path: Assets/Real_Fire/Textures/Materials/fireTint.mat
  artifactKey: Guid(abb8fc8b6c2f57845beead0dcd0a9ac3) Importer(815301076,1909f56bfc062723c751e8b465ee728b)
Start importing Assets/Real_Fire/Textures/Materials/fireTint.mat using Guid(abb8fc8b6c2f57845beead0dcd0a9ac3) Importer(815301076,1909f56bfc062723c751e8b465ee728b)  -> (artifact id: '3bd7227824b2916eadf0f3be79aa6923') in 0.118393 seconds
  Import took 0.135479 seconds .

========================================================================
Received Import Request.
  Time since last request: 0.000293 seconds.
  path: Assets/Real_Fire/Textures/Materials/gas.mat
  artifactKey: Guid(1fa72894bf3eab14ca3bdc0d50e19fb9) Importer(815301076,1909f56bfc062723c751e8b465ee728b)
Start importing Assets/Real_Fire/Textures/Materials/gas.mat using Guid(1fa72894bf3eab14ca3bdc0d50e19fb9) Importer(815301076,1909f56bfc062723c751e8b465ee728b)  -> (artifact id: 'b5b6c44eb56cbf2adb8672eee5fc47a1') in 0.164462 seconds
  Import took 0.187444 seconds .

========================================================================
Received Import Request.
  Time since last request: 0.000321 seconds.
  path: Assets/Real_Fire/Textures/Materials/gr.mat
  artifactKey: Guid(d76fb2dec46cf1c46ab39993d1ffb17f) Importer(815301076,1909f56bfc062723c751e8b465ee728b)
Start importing Assets/Real_Fire/Textures/Materials/gr.mat using Guid(d76fb2dec46cf1c46ab39993d1ffb17f) Importer(815301076,1909f56bfc062723c751e8b465ee728b)  -> (artifact id: 'c7cafa56a1096715222f58a6bd00fbaa') in 0.541640 seconds
  Import took 0.565774 seconds .

========================================================================
Received Import Request.
  Time since last request: 0.044836 seconds.
  path: Assets/Real_Fire/Textures/Materials/gr 1.mat
  artifactKey: Guid(3cad4b06c2629c24c997e7e9145fca11) Importer(815301076,1909f56bfc062723c751e8b465ee728b)
Start importing Assets/Real_Fire/Textures/Materials/gr 1.mat using Guid(3cad4b06c2629c24c997e7e9145fca11) Importer(815301076,1909f56bfc062723c751e8b465ee728b)  -> (artifact id: '0dd21d94ac72d760fb84534575ddcbc0') in 0.026250 seconds
  Import took 0.046123 seconds .

========================================================================
Received Import Request.
  Time since last request: 0.000609 seconds.
  path: Assets/Real_Fire/Textures/Materials/gr 1.mat
  artifactKey: Guid(3cad4b06c2629c24c997e7e9145fca11) Importer(815301076,1909f56bfc062723c751e8b465ee728b)
Start importing Assets/Real_Fire/Textures/Materials/gr 1.mat using Guid(3cad4b06c2629c24c997e7e9145fca11) Importer(815301076,1909f56bfc062723c751e8b465ee728b)  -> (artifact id: '0dd21d94ac72d760fb84534575ddcbc0') in 0.018979 seconds
  Import took 0.049901 seconds .

========================================================================
Received Import Request.
  Time since last request: 0.141466 seconds.
  path: Assets/Real_Fire/Textures/Materials/Material #25.mat
  artifactKey: Guid(9fd4ac748cb09dc49af31f185acbc799) Importer(815301076,1909f56bfc062723c751e8b465ee728b)
Start importing Assets/Real_Fire/Textures/Materials/Material #25.mat using Guid(9fd4ac748cb09dc49af31f185acbc799) Importer(815301076,1909f56bfc062723c751e8b465ee728b)  -> (artifact id: 'facedf36d88dc1351c34be4790238b00') in 0.626529 seconds
  Import took 0.629715 seconds .

========================================================================
Received Import Request.
  Time since last request: 0.000364 seconds.
  path: Assets/Real_Fire/Textures/Materials/Material #26.mat
  artifactKey: Guid(7eee5121fe4d5d746b1b789987824f3f) Importer(815301076,1909f56bfc062723c751e8b465ee728b)
Start importing Assets/Real_Fire/Textures/Materials/Material #26.mat using Guid(7eee5121fe4d5d746b1b789987824f3f) Importer(815301076,1909f56bfc062723c751e8b465ee728b)  -> (artifact id: '4944e982d6e92e8d383d2bbf6fb3ea93') in 0.028351 seconds
  Import took 0.030860 seconds .

========================================================================
Received Import Request.
  Time since last request: 0.000380 seconds.
  path: Assets/Real_Fire/3d_models/Materials/Material #25.mat
  artifactKey: Guid(11516c97e1e4147479b67971af0c71fd) Importer(815301076,1909f56bfc062723c751e8b465ee728b)
Start importing Assets/Real_Fire/3d_models/Materials/Material #25.mat using Guid(11516c97e1e4147479b67971af0c71fd) Importer(815301076,1909f56bfc062723c751e8b465ee728b)  -> (artifact id: 'af7e74fd4ef88bea637055f76689979f') in 0.024767 seconds
  Import took 0.053204 seconds .

========================================================================
Received Import Request.
  Time since last request: 0.000557 seconds.
  path: Assets/Real_Fire/3d_models/Materials/Material #26.mat
  artifactKey: Guid(e843a6746af75e646be19b64870d12df) Importer(815301076,1909f56bfc062723c751e8b465ee728b)
Start importing Assets/Real_Fire/3d_models/Materials/Material #26.mat using Guid(e843a6746af75e646be19b64870d12df) Importer(815301076,1909f56bfc062723c751e8b465ee728b)  -> (artifact id: '8dc0e67b4776eb97323f12de596aafd0') in 0.021453 seconds
  Import took 0.026686 seconds .

========================================================================
Received Prepare
Registering precompiled user dll's ...
Registered in 0.000563 seconds.
Begin MonoManager ReloadAssembly
Native extension for WindowsStandalone target not found
Refreshing native plugins compatible for Editor in 0.22 ms, found 0 plugins.
Preloading 0 native plugins for Editor in 0.00 ms.
Invoked RoslynAnalysisRunner static constructor.
RoslynAnalysisRunner will not be running.
RoslynAnalysisRunner has terminated.
Mono: successfully reloaded assembly
- Completed reload, in  0.853 seconds
Platform modules already initialized, skipping
Refreshing native plugins compatible for Editor in 0.27 ms, found 0 plugins.
Preloading 0 native plugins for Editor in 0.00 ms.
Unloading 1131 Unused Serialized files (Serialized files now loaded: 0)
System memory in use before: 133.4 MB.
System memory in use after: 133.5 MB.

Unloading 5 unused Assets to reduce memory usage. Loaded Objects now: 1636.
Total: 2.147300 ms (FindLiveObjects: 0.232400 ms CreateObjectMapping: 0.039600 ms MarkObjects: 1.744600 ms  DeleteObjects: 0.129600 ms)

========================================================================
Received Prepare
Registering precompiled user dll's ...
Registered in 0.000659 seconds.
Begin MonoManager ReloadAssembly
Native extension for WindowsStandalone target not found
Refreshing native plugins compatible for Editor in 0.21 ms, found 0 plugins.
Preloading 0 native plugins for Editor in 0.00 ms.
Invoked RoslynAnalysisRunner static constructor.
RoslynAnalysisRunner will not be running.
RoslynAnalysisRunner has terminated.
Mono: successfully reloaded assembly
- Completed reload, in  0.817 seconds
Platform modules already initialized, skipping
Refreshing native plugins compatible for Editor in 0.27 ms, found 0 plugins.
Preloading 0 native plugins for Editor in 0.00 ms.
Unloading 1131 Unused Serialized files (Serialized files now loaded: 0)
System memory in use before: 133.4 MB.
System memory in use after: 133.5 MB.

Unloading 5 unused Assets to reduce memory usage. Loaded Objects now: 1639.
Total: 3.187800 ms (FindLiveObjects: 0.302700 ms CreateObjectMapping: 0.115000 ms MarkObjects: 2.596700 ms  DeleteObjects: 0.171900 ms)

========================================================================
Received Prepare
Registering precompiled user dll's ...
Registered in 0.000838 seconds.
Begin MonoManager ReloadAssembly
Native extension for WindowsStandalone target not found
Refreshing native plugins compatible for Editor in 0.77 ms, found 0 plugins.
Preloading 0 native plugins for Editor in 0.00 ms.
Invoked RoslynAnalysisRunner static constructor.
RoslynAnalysisRunner will not be running.
RoslynAnalysisRunner has terminated.
Mono: successfully reloaded assembly
- Completed reload, in  0.957 seconds
Platform modules already initialized, skipping
Refreshing native plugins compatible for Editor in 0.28 ms, found 0 plugins.
Preloading 0 native plugins for Editor in 0.00 ms.
Unloading 1131 Unused Serialized files (Serialized files now loaded: 0)
System memory in use before: 133.4 MB.
System memory in use after: 133.5 MB.

Unloading 5 unused Assets to reduce memory usage. Loaded Objects now: 1642.
Total: 2.805900 ms (FindLiveObjects: 0.236800 ms CreateObjectMapping: 0.102400 ms MarkObjects: 2.384300 ms  DeleteObjects: 0.080900 ms)

========================================================================
Received Import Request.
  Time since last request: 924.163977 seconds.
  path: Assets/AcidLiquid.prefab
  artifactKey: Guid(e1cc79817c72c8040958cd47f211edf2) Importer(815301076,1909f56bfc062723c751e8b465ee728b)
Start importing Assets/AcidLiquid.prefab using Guid(e1cc79817c72c8040958cd47f211edf2) Importer(815301076,1909f56bfc062723c751e8b465ee728b)  -> (artifact id: 'f3c5d1816dd50a474dfccf7b74e2565e') in 0.127619 seconds
  Import took 0.131120 seconds .

========================================================================
Received Prepare
Registering precompiled user dll's ...
Registered in 0.001473 seconds.
Begin MonoManager ReloadAssembly
Native extension for WindowsStandalone target not found
Refreshing native plugins compatible for Editor in 0.20 ms, found 0 plugins.
Preloading 0 native plugins for Editor in 0.00 ms.
Invoked RoslynAnalysisRunner static constructor.
RoslynAnalysisRunner will not be running.
RoslynAnalysisRunner has terminated.
Mono: successfully reloaded assembly
- Completed reload, in  0.850 seconds
Platform modules already initialized, skipping
Refreshing native plugins compatible for Editor in 0.27 ms, found 0 plugins.
Preloading 0 native plugins for Editor in 0.00 ms.
Unloading 1131 Unused Serialized files (Serialized files now loaded: 0)
System memory in use before: 133.4 MB.
System memory in use after: 133.5 MB.

Unloading 5 unused Assets to reduce memory usage. Loaded Objects now: 1645.
Total: 2.162400 ms (FindLiveObjects: 0.229600 ms CreateObjectMapping: 0.038600 ms MarkObjects: 1.776000 ms  DeleteObjects: 0.117000 ms)

========================================================================
Received Prepare
Registering precompiled user dll's ...
Registered in 0.000713 seconds.
Begin MonoManager ReloadAssembly
Native extension for WindowsStandalone target not found
Refreshing native plugins compatible for Editor in 0.23 ms, found 0 plugins.
Preloading 0 native plugins for Editor in 0.00 ms.
Invoked RoslynAnalysisRunner static constructor.
RoslynAnalysisRunner will not be running.
RoslynAnalysisRunner has terminated.
Mono: successfully reloaded assembly
- Completed reload, in  0.828 seconds
Platform modules already initialized, skipping
Refreshing native plugins compatible for Editor in 0.22 ms, found 0 plugins.
Preloading 0 native plugins for Editor in 0.00 ms.
Unloading 1131 Unused Serialized files (Serialized files now loaded: 0)
System memory in use before: 133.4 MB.
System memory in use after: 133.5 MB.

Unloading 5 unused Assets to reduce memory usage. Loaded Objects now: 1648.
Total: 5.095500 ms (FindLiveObjects: 0.336200 ms CreateObjectMapping: 0.054900 ms MarkObjects: 4.632100 ms  DeleteObjects: 0.070700 ms)

========================================================================
Received Import Request.
  Time since last request: 444.444805 seconds.
  path: Assets/AcidLiquid.prefab
  artifactKey: Guid(e1cc79817c72c8040958cd47f211edf2) Importer(815301076,1909f56bfc062723c751e8b465ee728b)
Start importing Assets/AcidLiquid.prefab using Guid(e1cc79817c72c8040958cd47f211edf2) Importer(815301076,1909f56bfc062723c751e8b465ee728b)  -> (artifact id: '39c96992d6c16da10dff41ccd7a06a13') in 0.030607 seconds
  Import took 0.125449 seconds .

========================================================================
Received Prepare
Registering precompiled user dll's ...
Registered in 0.000871 seconds.
Begin MonoManager ReloadAssembly
Native extension for WindowsStandalone target not found
Refreshing native plugins compatible for Editor in 0.49 ms, found 0 plugins.
Preloading 0 native plugins for Editor in 0.00 ms.
Invoked RoslynAnalysisRunner static constructor.
RoslynAnalysisRunner will not be running.
RoslynAnalysisRunner has terminated.
Mono: successfully reloaded assembly
- Completed reload, in  0.834 seconds
Platform modules already initialized, skipping
Refreshing native plugins compatible for Editor in 0.21 ms, found 0 plugins.
Preloading 0 native plugins for Editor in 0.00 ms.
Unloading 1131 Unused Serialized files (Serialized files now loaded: 0)
System memory in use before: 133.4 MB.
System memory in use after: 133.5 MB.

Unloading 5 unused Assets to reduce memory usage. Loaded Objects now: 1651.
Total: 2.010900 ms (FindLiveObjects: 0.217800 ms CreateObjectMapping: 0.069800 ms MarkObjects: 1.652300 ms  DeleteObjects: 0.068000 ms)

========================================================================
Received Import Request.
  Time since last request: 83.737481 seconds.
  path: Assets/AcidLiquid.prefab
  artifactKey: Guid(e1cc79817c72c8040958cd47f211edf2) Importer(815301076,1909f56bfc062723c751e8b465ee728b)
Start importing Assets/AcidLiquid.prefab using Guid(e1cc79817c72c8040958cd47f211edf2) Importer(815301076,1909f56bfc062723c751e8b465ee728b)  -> (artifact id: 'e7a57c0fff0084cbbc4052fc5edb0764') in 0.040769 seconds
  Import took 0.060384 seconds .

========================================================================
Received Import Request.
  Time since last request: 10.751573 seconds.
  path: Assets/AcidLiquid.prefab
  artifactKey: Guid(e1cc79817c72c8040958cd47f211edf2) Importer(815301076,1909f56bfc062723c751e8b465ee728b)
Start importing Assets/AcidLiquid.prefab using Guid(e1cc79817c72c8040958cd47f211edf2) Importer(815301076,1909f56bfc062723c751e8b465ee728b)  -> (artifact id: 'e83080a77d05a03abc5ae7351885402b') in 0.013553 seconds
  Import took 0.016238 seconds .

========================================================================
Received Prepare
Registering precompiled user dll's ...
Registered in 0.000756 seconds.
Begin MonoManager ReloadAssembly
Native extension for WindowsStandalone target not found
Refreshing native plugins compatible for Editor in 0.20 ms, found 0 plugins.
Preloading 0 native plugins for Editor in 0.00 ms.
Invoked RoslynAnalysisRunner static constructor.
RoslynAnalysisRunner will not be running.
RoslynAnalysisRunner has terminated.
Mono: successfully reloaded assembly
- Completed reload, in  0.799 seconds
Platform modules already initialized, skipping
Refreshing native plugins compatible for Editor in 0.36 ms, found 0 plugins.
Preloading 0 native plugins for Editor in 0.00 ms.
Unloading 1131 Unused Serialized files (Serialized files now loaded: 0)
System memory in use before: 133.5 MB.
System memory in use after: 133.6 MB.

Unloading 5 unused Assets to reduce memory usage. Loaded Objects now: 1654.
Total: 2.139300 ms (FindLiveObjects: 0.168400 ms CreateObjectMapping: 0.035500 ms MarkObjects: 1.792000 ms  DeleteObjects: 0.142200 ms)

========================================================================
Received Import Request.
  Time since last request: 91.851117 seconds.
  path: Assets/AcidLiquid.prefab
  artifactKey: Guid(e1cc79817c72c8040958cd47f211edf2) Importer(815301076,1909f56bfc062723c751e8b465ee728b)
Start importing Assets/AcidLiquid.prefab using Guid(e1cc79817c72c8040958cd47f211edf2) Importer(815301076,1909f56bfc062723c751e8b465ee728b)  -> (artifact id: 'a183066d9c485e3a1927a7d5078e0fc6') in 0.085655 seconds
  Import took 0.089432 seconds .

========================================================================
Received Import Request.
  Time since last request: 15.842722 seconds.
  path: Assets/AcidLiquid.prefab
  artifactKey: Guid(e1cc79817c72c8040958cd47f211edf2) Importer(815301076,1909f56bfc062723c751e8b465ee728b)
Start importing Assets/AcidLiquid.prefab using Guid(e1cc79817c72c8040958cd47f211edf2) Importer(815301076,1909f56bfc062723c751e8b465ee728b)  -> (artifact id: 'e592f5428909a8b6b3f842c6fc301382') in 0.013949 seconds
  Import took 0.023024 seconds .

========================================================================
Received Import Request.
  Time since last request: 24.895894 seconds.
  path: Assets/AcidLiquid.prefab
  artifactKey: Guid(e1cc79817c72c8040958cd47f211edf2) Importer(815301076,1909f56bfc062723c751e8b465ee728b)
Start importing Assets/AcidLiquid.prefab using Guid(e1cc79817c72c8040958cd47f211edf2) Importer(815301076,1909f56bfc062723c751e8b465ee728b)  -> (artifact id: 'fbd0aa3471699987cd012bb1a59789bf') in 0.013685 seconds
  Import took 0.017920 seconds .

========================================================================
Received Import Request.
  Time since last request: 53.811861 seconds.
  path: Assets/AcidLiquid.prefab
  artifactKey: Guid(e1cc79817c72c8040958cd47f211edf2) Importer(815301076,1909f56bfc062723c751e8b465ee728b)
Start importing Assets/AcidLiquid.prefab using Guid(e1cc79817c72c8040958cd47f211edf2) Importer(815301076,1909f56bfc062723c751e8b465ee728b)  -> (artifact id: '0bd3b5442f8ff07daea3e27371d26a5c') in 0.015022 seconds
  Import took 0.025101 seconds .

========================================================================
Received Prepare
Registering precompiled user dll's ...
Registered in 0.001029 seconds.
Begin MonoManager ReloadAssembly
Native extension for WindowsStandalone target not found
Refreshing native plugins compatible for Editor in 0.20 ms, found 0 plugins.
Preloading 0 native plugins for Editor in 0.00 ms.
Invoked RoslynAnalysisRunner static constructor.
RoslynAnalysisRunner will not be running.
RoslynAnalysisRunner has terminated.
Mono: successfully reloaded assembly
- Completed reload, in  0.842 seconds
Platform modules already initialized, skipping
Refreshing native plugins compatible for Editor in 0.21 ms, found 0 plugins.
Preloading 0 native plugins for Editor in 0.00 ms.
Unloading 1131 Unused Serialized files (Serialized files now loaded: 0)
System memory in use before: 133.5 MB.
System memory in use after: 133.6 MB.

Unloading 5 unused Assets to reduce memory usage. Loaded Objects now: 1657.
Total: 2.037300 ms (FindLiveObjects: 0.259700 ms CreateObjectMapping: 0.032200 ms MarkObjects: 1.639000 ms  DeleteObjects: 0.105400 ms)

========================================================================
Received Prepare
Registering precompiled user dll's ...
Registered in 0.000548 seconds.
Begin MonoManager ReloadAssembly
Native extension for WindowsStandalone target not found
Refreshing native plugins compatible for Editor in 0.21 ms, found 0 plugins.
Preloading 0 native plugins for Editor in 0.00 ms.
Invoked RoslynAnalysisRunner static constructor.
RoslynAnalysisRunner will not be running.
RoslynAnalysisRunner has terminated.
Mono: successfully reloaded assembly
- Completed reload, in  0.809 seconds
Platform modules already initialized, skipping
Refreshing native plugins compatible for Editor in 0.22 ms, found 0 plugins.
Preloading 0 native plugins for Editor in 0.00 ms.
Unloading 1131 Unused Serialized files (Serialized files now loaded: 0)
System memory in use before: 133.5 MB.
System memory in use after: 133.6 MB.

Unloading 5 unused Assets to reduce memory usage. Loaded Objects now: 1660.
Total: 2.094700 ms (FindLiveObjects: 0.262000 ms CreateObjectMapping: 0.062300 ms MarkObjects: 1.690800 ms  DeleteObjects: 0.077900 ms)

========================================================================
Received Prepare
Registering precompiled user dll's ...
Registered in 0.000537 seconds.
Begin MonoManager ReloadAssembly
Native extension for WindowsStandalone target not found
Refreshing native plugins compatible for Editor in 0.25 ms, found 0 plugins.
Preloading 0 native plugins for Editor in 0.00 ms.
Invoked RoslynAnalysisRunner static constructor.
RoslynAnalysisRunner will not be running.
RoslynAnalysisRunner has terminated.
Mono: successfully reloaded assembly
- Completed reload, in  0.894 seconds
Platform modules already initialized, skipping
Refreshing native plugins compatible for Editor in 0.28 ms, found 0 plugins.
Preloading 0 native plugins for Editor in 0.00 ms.
Unloading 1131 Unused Serialized files (Serialized files now loaded: 0)
System memory in use before: 133.5 MB.
System memory in use after: 133.6 MB.

Unloading 5 unused Assets to reduce memory usage. Loaded Objects now: 1663.
Total: 2.867200 ms (FindLiveObjects: 0.784500 ms CreateObjectMapping: 0.078400 ms MarkObjects: 1.933400 ms  DeleteObjects: 0.069000 ms)

========================================================================
Received Prepare
Registering precompiled user dll's ...
Registered in 0.000686 seconds.
Begin MonoManager ReloadAssembly
Native extension for WindowsStandalone target not found
Refreshing native plugins compatible for Editor in 0.20 ms, found 0 plugins.
Preloading 0 native plugins for Editor in 0.00 ms.
Invoked RoslynAnalysisRunner static constructor.
RoslynAnalysisRunner will not be running.
RoslynAnalysisRunner has terminated.
Mono: successfully reloaded assembly
- Completed reload, in  0.826 seconds
Platform modules already initialized, skipping
Refreshing native plugins compatible for Editor in 0.23 ms, found 0 plugins.
Preloading 0 native plugins for Editor in 0.00 ms.
Unloading 1131 Unused Serialized files (Serialized files now loaded: 0)
System memory in use before: 133.5 MB.
System memory in use after: 133.6 MB.

Unloading 5 unused Assets to reduce memory usage. Loaded Objects now: 1666.
Total: 2.154200 ms (FindLiveObjects: 0.198900 ms CreateObjectMapping: 0.045000 ms MarkObjects: 1.805400 ms  DeleteObjects: 0.103200 ms)

========================================================================
Received Prepare
Registering precompiled user dll's ...
Registered in 0.000586 seconds.
Begin MonoManager ReloadAssembly
Native extension for WindowsStandalone target not found
Refreshing native plugins compatible for Editor in 0.21 ms, found 0 plugins.
Preloading 0 native plugins for Editor in 0.00 ms.
Invoked RoslynAnalysisRunner static constructor.
RoslynAnalysisRunner will not be running.
RoslynAnalysisRunner has terminated.
Mono: successfully reloaded assembly
- Completed reload, in  0.787 seconds
Platform modules already initialized, skipping
Refreshing native plugins compatible for Editor in 0.22 ms, found 0 plugins.
Preloading 0 native plugins for Editor in 0.00 ms.
Unloading 1131 Unused Serialized files (Serialized files now loaded: 0)
System memory in use before: 133.5 MB.
System memory in use after: 133.6 MB.

Unloading 5 unused Assets to reduce memory usage. Loaded Objects now: 1669.
Total: 2.418100 ms (FindLiveObjects: 0.326400 ms CreateObjectMapping: 0.047800 ms MarkObjects: 1.928800 ms  DeleteObjects: 0.113700 ms)

========================================================================
Received Prepare
Registering precompiled user dll's ...
Registered in 0.000576 seconds.
Begin MonoManager ReloadAssembly
Native extension for WindowsStandalone target not found
Refreshing native plugins compatible for Editor in 0.22 ms, found 0 plugins.
Preloading 0 native plugins for Editor in 0.00 ms.
Invoked RoslynAnalysisRunner static constructor.
RoslynAnalysisRunner will not be running.
RoslynAnalysisRunner has terminated.
Mono: successfully reloaded assembly
- Completed reload, in  0.834 seconds
Platform modules already initialized, skipping
Refreshing native plugins compatible for Editor in 0.22 ms, found 0 plugins.
Preloading 0 native plugins for Editor in 0.00 ms.
Unloading 1131 Unused Serialized files (Serialized files now loaded: 0)
System memory in use before: 133.5 MB.
System memory in use after: 133.6 MB.

Unloading 5 unused Assets to reduce memory usage. Loaded Objects now: 1672.
Total: 2.309600 ms (FindLiveObjects: 0.342400 ms CreateObjectMapping: 0.130700 ms MarkObjects: 1.757400 ms  DeleteObjects: 0.077900 ms)

========================================================================
Received Prepare
Registering precompiled user dll's ...
Registered in 0.000679 seconds.
Begin MonoManager ReloadAssembly
Native extension for WindowsStandalone target not found
Refreshing native plugins compatible for Editor in 0.20 ms, found 0 plugins.
Preloading 0 native plugins for Editor in 0.00 ms.
Invoked RoslynAnalysisRunner static constructor.
RoslynAnalysisRunner will not be running.
RoslynAnalysisRunner has terminated.
Mono: successfully reloaded assembly
- Completed reload, in  0.792 seconds
Platform modules already initialized, skipping
Refreshing native plugins compatible for Editor in 0.21 ms, found 0 plugins.
Preloading 0 native plugins for Editor in 0.00 ms.
Unloading 1131 Unused Serialized files (Serialized files now loaded: 0)
System memory in use before: 133.5 MB.
System memory in use after: 133.6 MB.

Unloading 5 unused Assets to reduce memory usage. Loaded Objects now: 1675.
Total: 2.260700 ms (FindLiveObjects: 0.237600 ms CreateObjectMapping: 0.037600 ms MarkObjects: 1.849900 ms  DeleteObjects: 0.132600 ms)

========================================================================
Received Prepare
Registering precompiled user dll's ...
Registered in 0.001354 seconds.
Begin MonoManager ReloadAssembly
Native extension for WindowsStandalone target not found
Refreshing native plugins compatible for Editor in 0.20 ms, found 0 plugins.
Preloading 0 native plugins for Editor in 0.00 ms.
Invoked RoslynAnalysisRunner static constructor.
RoslynAnalysisRunner will not be running.
RoslynAnalysisRunner has terminated.
Mono: successfully reloaded assembly
- Completed reload, in  0.875 seconds
Platform modules already initialized, skipping
Refreshing native plugins compatible for Editor in 0.22 ms, found 0 plugins.
Preloading 0 native plugins for Editor in 0.00 ms.
Unloading 1131 Unused Serialized files (Serialized files now loaded: 0)
System memory in use before: 133.5 MB.
System memory in use after: 133.6 MB.

Unloading 5 unused Assets to reduce memory usage. Loaded Objects now: 1678.
Total: 5.080500 ms (FindLiveObjects: 0.489200 ms CreateObjectMapping: 0.163700 ms MarkObjects: 4.264300 ms  DeleteObjects: 0.159300 ms)

AssetImportWorkerClient::OnTransportError - code=2 error=End of file
